2022-11-28 09:57:04.816 [info] Extension host with pid 3421 started
2022-11-28 09:57:04.816 [info] Skipping acquiring lock for /private/var/www/~/root/User/workspaceStorage/67f831b674174ab7684139e0111b464c.
2022-11-28 09:57:04.894 [info] ExtensionService#_doActivateExtension vscode.microsoft-authentication, startup: false, activationEvent: 'onAuthenticationRequest:microsoft'
2022-11-28 09:57:04.894 [info] ExtensionService#_doActivateExtension vscode.git-base, startup: true, activationEvent: '*'
2022-11-28 09:57:04.894 [info] ExtensionService#_doActivateExtension christian-kohler.path-intellisense, startup: true, activationEvent: '*'
2022-11-28 09:57:04.924 [info] ExtensionService#_doActivateExtension vscode.github, startup: true, activationEvent: '*'
2022-11-28 09:57:04.935 [info] Eager extensions activated
2022-11-28 09:57:04.936 [info] ExtensionService#_doActivateExtension vscode.debug-auto-launch, startup: false, activationEvent: 'onStartupFinished'
2022-11-28 09:57:04.936 [info] ExtensionService#_doActivateExtension vscode.emmet, startup: false, activationEvent: 'onStartupFinished'
2022-11-28 09:57:04.937 [info] ExtensionService#_doActivateExtension vscode.merge-conflict, startup: false, activationEvent: 'onStartupFinished'
2022-11-28 09:57:04.937 [info] ExtensionService#_doActivateExtension vscode.npm, startup: false, activationEvent: 'onStartupFinished', root cause: esbenp.prettier-vscode
2022-11-28 09:57:04.937 [info] ExtensionService#_doActivateExtension PKief.material-icon-theme, startup: false, activationEvent: 'onStartupFinished'
2022-11-28 09:57:04.975 [info] ExtensionService#_doActivateExtension vscode.github-authentication, startup: false, activationEvent: 'onAuthenticationRequest:github'
2022-11-28 09:57:05.007 [info] ExtensionService#_doActivateExtension esbenp.prettier-vscode, startup: false, activationEvent: 'onStartupFinished'
2022-11-28 09:57:07.013 [info] ExtensionService#_doActivateExtension vscode.git, startup: false, activationEvent: 'api', root cause: vscode.github
2022-11-28 09:57:07.030 [info] ExtensionService#_doActivateExtension bierner.color-info, startup: false, activationEvent: '*'
2022-11-28 09:57:07.030 [info] ExtensionService#_doActivateExtension formulahendry.code-runner, startup: false, activationEvent: 'onStartupFinished'
2022-11-28 09:57:07.030 [info] ExtensionService#_doActivateExtension ritwickdey.LiveServer, startup: false, activationEvent: 'onStartupFinished'
2022-11-28 09:57:12.520 [info] ExtensionService#_doActivateExtension vscode.media-preview, startup: false, activationEvent: 'onCustomEditor:imagePreview.previewEditor'
2022-11-28 09:57:25.659 [info] Extension host terminating: received terminate message from renderer
2022-11-28 09:57:25.668 [info] Extension host with pid 3421 exiting with code 0
